<?xml version="1.0" encoding="UTF-8"?>
<!-- Generated by org.testng.reporters.JUnitXMLReporter -->
<testsuite hostname="DESKTOP-48JFUFV" ignored="0" name="GitHub1" tests="2" failures="1" timestamp="07 черв. 2018 08:52:44 GMT" time="47.028" errors="0">
  <testcase name="GithubSearchTest" time="27.247" classname="epam.com.lab.test.GitHubTest"/>
  <testcase name="GithubSearchTest" time="4.13" classname="epam.com.lab.test.GitHubTest">
    <failure type="junit.framework.ComparisonFailure" message="expected:&amp;lt;...session&amp;gt; but was:&amp;lt;...&amp;gt;">
      <![CDATA[junit.framework.ComparisonFailure: expected:<...session> but was:<...>
at junit.framework.Assert.assertEquals(Assert.java:81)
at junit.framework.Assert.assertEquals(Assert.java:87)
at com.epam.lab.github.businesslogic.Login.login(Login.java:25)
at epam.com.lab.test.GitHubTest.GithubSearchTest(GitHubTest.java:46)
... Removed 29 stack frames]]>
    </failure>
  </testcase> <!-- GithubSearchTest -->
</testsuite> <!-- GitHub1 -->
