<?xml version="1.0" encoding="UTF-8"?>
<!-- Generated by org.testng.reporters.JUnitXMLReporter -->
<testsuite hostname="DESKTOP-48JFUFV" ignored="0" name="Gmail" tests="2" failures="1" timestamp="05 черв. 2018 14:59:52 GMT" time="42.813" errors="0">
  <testcase name="GmailDeleteLettersTest" time="13.724" classname="epam.com.lab.test.GmailTest"/>
  <testcase name="GmailDeleteLettersTest" time="12.157" classname="epam.com.lab.test.GmailTest">
    <failure type="java.lang.IndexOutOfBoundsException" message="Index: 0, Size: 0">
      <![CDATA[java.lang.IndexOutOfBoundsException: Index: 0, Size: 0
at java.util.ArrayList.rangeCheck(ArrayList.java:653)
at java.util.ArrayList.get(ArrayList.java:429)
at org.openqa.selenium.support.pagefactory.internal.LocatingElementListHandler.invoke(LocatingElementListHandler.java:39)
at com.sun.proxy.$Proxy31.get(Unknown Source)
at com.epam.lab.gmail.pageobjects.PersonalPage.markLettersCheckbox(PersonalPage.java:31)
at com.epam.lab.gmail.businesslogic.Letters.deleteLetters(Letters.java:15)
at epam.com.lab.test.GmailTest.GmailDeleteLettersTest(GmailTest.java:43)
... Removed 33 stack frames]]>
    </failure>
  </testcase> <!-- GmailDeleteLettersTest -->
</testsuite> <!-- Gmail -->
