<?xml version="1.0" encoding="UTF-8"?>
<testsuite xmlns:xsi="http://www.w3.org/2001/XMLSchema-instance" xsi:noNamespaceSchemaLocation="https://maven.apache.org/surefire/maven-surefire-plugin/xsd/surefire-test-report.xsd" name="TestSuite" time="73.671" tests="4" errors="0" skipped="0" failures="2">
  <properties>
[...]
</properties>
  <testcase name="GithubSearchTest" classname="epam.com.lab.test.GitHubTest" time="7.905"/>
  <testcase name="GithubSearchTest" classname="epam.com.lab.test.GitHubTest" time="1.728">
    <failure message="expected:&lt;...session&gt; but was:&lt;...&gt;" type="junit.framework.ComparisonFailure"><![CDATA[junit.framework.ComparisonFailure: expected:<...session> but was:<...>
	at epam.com.lab.test.GitHubTest.GithubSearchTest(GitHubTest.java:46)
]]></failure>
    <system-out><![CDATA[27101 [main] INFO  com.epam.lab.reportutils.Listener  - Test GithubSearchTest started at 1528210747083
28828 [main] INFO  com.epam.lab.reportutils.Listener  - Test GithubSearchTest failed
]]></system-out>
    <system-err><![CDATA[Starting ChromeDriver 2.38.552522 (437e6fbedfa8762dec75e2c5b3ddb86763dc9dcb) on port 2426
Only local connections are allowed.
черв. 05, 2018 5:59:02 PM org.openqa.selenium.remote.ProtocolHandshake createSession
INFO: Detected dialect: OSS
]]></system-err>
  </testcase>
  <testcase name="GmailDeleteLettersTest" classname="epam.com.lab.test.GmailTest" time="13.713"/>
  <testcase name="GmailDeleteLettersTest" classname="epam.com.lab.test.GmailTest" time="12.138">
    <failure message="Index: 0, Size: 0" type="java.lang.IndexOutOfBoundsException">java.lang.IndexOutOfBoundsException: Index: 0, Size: 0
	at epam.com.lab.test.GmailTest.GmailDeleteLettersTest(GmailTest.java:43)
</failure>
    <system-out><![CDATA[59579 [main] INFO  com.epam.lab.reportutils.Listener  - Test GmailDeleteLettersTest started at 1528210779561
71736 [main] INFO  com.epam.lab.reportutils.Listener  - Test GmailDeleteLettersTest failed
]]></system-out>
    <system-err><![CDATA[Starting ChromeDriver 2.38.552522 (437e6fbedfa8762dec75e2c5b3ddb86763dc9dcb) on port 33318
Only local connections are allowed.
черв. 05, 2018 5:59:35 PM org.openqa.selenium.remote.ProtocolHandshake createSession
INFO: Detected dialect: OSS
]]></system-err>
  </testcase>
</testsuite>