<?xml version="1.0" encoding="UTF-8"?>
<testng-results skipped="0" failed="2" ignored="0" total="4" passed="2">
  <reporter-output>
  </reporter-output>
  <suite name="TestSuite" duration-ms="72494" started-at="2018-06-05T14:58:39Z" finished-at="2018-06-05T14:59:52Z">
    <groups>
    </groups>
    <test name="GitHub1" duration-ms="29655" started-at="2018-06-05T14:58:39Z" finished-at="2018-06-05T14:59:09Z">
      <class name="epam.com.lab.test.GitHubTest">
        <test-method status="PASS" signature="createChromeDriver()[pri:0, instance:epam.com.lab.test.GitHubTest@646d64ab]" name="createChromeDriver" is-config="true" duration-ms="9508" started-at="2018-06-05T14:58:40Z" finished-at="2018-06-05T14:58:49Z">
          <reporter-output>
          </reporter-output>
        </test-method> <!-- createChromeDriver -->
        <test-method status="PASS" signature="GithubSearchTest(java.lang.String, java.lang.String)[pri:0, instance:epam.com.lab.test.GitHubTest@646d64ab]" name="GithubSearchTest" duration-ms="7899" started-at="2018-06-05T14:58:49Z" data-provider="git-data" finished-at="2018-06-05T14:58:57Z">
          <params>
            <param index="0">
              <value>
                <![CDATA[duploduplin]]>
              </value>
            </param>
            <param index="1">
              <value>
                <![CDATA[duplo1234]]>
              </value>
            </param>
          </params>
          <reporter-output>
          </reporter-output>
        </test-method> <!-- GithubSearchTest -->
        <test-method status="PASS" signature="closeTab()[pri:0, instance:epam.com.lab.test.GitHubTest@646d64ab]" name="closeTab" is-config="true" duration-ms="848" started-at="2018-06-05T14:58:57Z" finished-at="2018-06-05T14:58:58Z">
          <reporter-output>
          </reporter-output>
        </test-method> <!-- closeTab -->
        <test-method status="PASS" signature="createChromeDriver()[pri:0, instance:epam.com.lab.test.GitHubTest@646d64ab]" name="createChromeDriver" is-config="true" duration-ms="8817" started-at="2018-06-05T14:58:58Z" finished-at="2018-06-05T14:59:07Z">
          <reporter-output>
          </reporter-output>
        </test-method> <!-- createChromeDriver -->
        <test-method status="FAIL" signature="GithubSearchTest(java.lang.String, java.lang.String)[pri:0, instance:epam.com.lab.test.GitHubTest@646d64ab]" name="GithubSearchTest" duration-ms="1726" started-at="2018-06-05T14:59:07Z" data-provider="git-data" finished-at="2018-06-05T14:59:08Z">
          <params>
            <param index="0">
              <value>
                <![CDATA[failfail]]>
              </value>
            </param>
            <param index="1">
              <value>
                <![CDATA[failfail123]]>
              </value>
            </param>
          </params>
          <exception class="junit.framework.ComparisonFailure">
            <message>
              <![CDATA[expected:<...session> but was:<...>]]>
            </message>
            <full-stacktrace>
              <![CDATA[junit.framework.ComparisonFailure: expected:<...session> but was:<...>
at junit.framework.Assert.assertEquals(Assert.java:81)
at junit.framework.Assert.assertEquals(Assert.java:87)
at com.epam.lab.github.businesslogic.Login.login(Login.java:25)
at epam.com.lab.test.GitHubTest.GithubSearchTest(GitHubTest.java:46)
at sun.reflect.NativeMethodAccessorImpl.invoke0(Native Method)
at sun.reflect.NativeMethodAccessorImpl.invoke(NativeMethodAccessorImpl.java:62)
at sun.reflect.DelegatingMethodAccessorImpl.invoke(DelegatingMethodAccessorImpl.java:43)
at java.lang.reflect.Method.invoke(Method.java:498)
at org.testng.internal.MethodInvocationHelper.invokeMethod(MethodInvocationHelper.java:124)
at org.testng.internal.Invoker.invokeMethod(Invoker.java:583)
at org.testng.internal.Invoker.invokeTestMethod(Invoker.java:719)
at org.testng.internal.Invoker.invokeTestMethods(Invoker.java:989)
at org.testng.internal.TestMethodWorker.invokeTestMethods(TestMethodWorker.java:125)
at org.testng.internal.TestMethodWorker.run(TestMethodWorker.java:109)
at org.testng.TestRunner.privateRun(TestRunner.java:648)
at org.testng.TestRunner.run(TestRunner.java:505)
at org.testng.SuiteRunner.runTest(SuiteRunner.java:455)
at org.testng.SuiteRunner.runSequentially(SuiteRunner.java:450)
at org.testng.SuiteRunner.privateRun(SuiteRunner.java:415)
at org.testng.SuiteRunner.run(SuiteRunner.java:364)
at org.testng.SuiteRunnerWorker.runSuite(SuiteRunnerWorker.java:52)
at org.testng.SuiteRunnerWorker.run(SuiteRunnerWorker.java:84)
at org.testng.TestNG.runSuitesSequentially(TestNG.java:1208)
at org.testng.TestNG.runSuitesLocally(TestNG.java:1137)
at org.testng.TestNG.runSuites(TestNG.java:1049)
at org.testng.TestNG.run(TestNG.java:1017)
at org.apache.maven.surefire.testng.TestNGExecutor.run(TestNGExecutor.java:283)
at org.apache.maven.surefire.testng.TestNGXmlTestSuite.execute(TestNGXmlTestSuite.java:75)
at org.apache.maven.surefire.testng.TestNGProvider.invoke(TestNGProvider.java:120)
at org.apache.maven.surefire.booter.ForkedBooter.invokeProviderInSameClassLoader(ForkedBooter.java:373)
at org.apache.maven.surefire.booter.ForkedBooter.runSuitesInProcess(ForkedBooter.java:334)
at org.apache.maven.surefire.booter.ForkedBooter.execute(ForkedBooter.java:119)
at org.apache.maven.surefire.booter.ForkedBooter.main(ForkedBooter.java:407)
]]>
            </full-stacktrace>
          </exception> <!-- junit.framework.ComparisonFailure -->
          <reporter-output>
          </reporter-output>
        </test-method> <!-- GithubSearchTest -->
        <test-method status="PASS" signature="closeTab()[pri:0, instance:epam.com.lab.test.GitHubTest@646d64ab]" name="closeTab" is-config="true" duration-ms="815" started-at="2018-06-05T14:59:08Z" finished-at="2018-06-05T14:59:09Z">
          <reporter-output>
          </reporter-output>
        </test-method> <!-- closeTab -->
      </class> <!-- epam.com.lab.test.GitHubTest -->
    </test> <!-- GitHub1 -->
    <test name="Gmail" duration-ms="42813" started-at="2018-06-05T14:59:09Z" finished-at="2018-06-05T14:59:52Z">
      <class name="epam.com.lab.test.GmailTest">
        <test-method status="PASS" signature="createChromeDriver()[pri:0, instance:epam.com.lab.test.GmailTest@3cb1ffe6]" name="createChromeDriver" is-config="true" duration-ms="7248" started-at="2018-06-05T14:59:10Z" finished-at="2018-06-05T14:59:17Z">
          <reporter-output>
          </reporter-output>
        </test-method> <!-- createChromeDriver -->
        <test-method status="PASS" signature="GmailDeleteLettersTest(java.lang.String, java.lang.String)[pri:0, instance:epam.com.lab.test.GmailTest@3cb1ffe6]" name="GmailDeleteLettersTest" duration-ms="13724" started-at="2018-06-05T14:59:17Z" data-provider="gmail-data" finished-at="2018-06-05T14:59:31Z">
          <params>
            <param index="0">
              <value>
                <![CDATA[duploduplin@gmail.com]]>
              </value>
            </param>
            <param index="1">
              <value>
                <![CDATA[duplo1234]]>
              </value>
            </param>
          </params>
          <reporter-output>
          </reporter-output>
        </test-method> <!-- GmailDeleteLettersTest -->
        <test-method status="PASS" signature="closeDriver()[pri:0, instance:epam.com.lab.test.GmailTest@3cb1ffe6]" name="closeDriver" is-config="true" duration-ms="889" started-at="2018-06-05T14:59:31Z" finished-at="2018-06-05T14:59:32Z">
          <reporter-output>
          </reporter-output>
        </test-method> <!-- closeDriver -->
        <test-method status="PASS" signature="createChromeDriver()[pri:0, instance:epam.com.lab.test.GmailTest@3cb1ffe6]" name="createChromeDriver" is-config="true" duration-ms="7444" started-at="2018-06-05T14:59:32Z" finished-at="2018-06-05T14:59:39Z">
          <reporter-output>
          </reporter-output>
        </test-method> <!-- createChromeDriver -->
        <test-method status="FAIL" signature="GmailDeleteLettersTest(java.lang.String, java.lang.String)[pri:0, instance:epam.com.lab.test.GmailTest@3cb1ffe6]" name="GmailDeleteLettersTest" duration-ms="12157" started-at="2018-06-05T14:59:39Z" data-provider="gmail-data" finished-at="2018-06-05T14:59:51Z">
          <params>
            <param index="0">
              <value>
                <![CDATA[duploduplin1@gmail.com]]>
              </value>
            </param>
            <param index="1">
              <value>
                <![CDATA[duplo1234]]>
              </value>
            </param>
          </params>
          <exception class="java.lang.IndexOutOfBoundsException">
            <message>
              <![CDATA[Index: 0, Size: 0]]>
            </message>
            <full-stacktrace>
              <![CDATA[java.lang.IndexOutOfBoundsException: Index: 0, Size: 0
at java.util.ArrayList.rangeCheck(ArrayList.java:653)
at java.util.ArrayList.get(ArrayList.java:429)
at sun.reflect.NativeMethodAccessorImpl.invoke0(Native Method)
at sun.reflect.NativeMethodAccessorImpl.invoke(NativeMethodAccessorImpl.java:62)
at sun.reflect.DelegatingMethodAccessorImpl.invoke(DelegatingMethodAccessorImpl.java:43)
at java.lang.reflect.Method.invoke(Method.java:498)
at org.openqa.selenium.support.pagefactory.internal.LocatingElementListHandler.invoke(LocatingElementListHandler.java:39)
at com.sun.proxy.$Proxy31.get(Unknown Source)
at com.epam.lab.gmail.pageobjects.PersonalPage.markLettersCheckbox(PersonalPage.java:31)
at com.epam.lab.gmail.businesslogic.Letters.deleteLetters(Letters.java:15)
at epam.com.lab.test.GmailTest.GmailDeleteLettersTest(GmailTest.java:43)
at sun.reflect.NativeMethodAccessorImpl.invoke0(Native Method)
at sun.reflect.NativeMethodAccessorImpl.invoke(NativeMethodAccessorImpl.java:62)
at sun.reflect.DelegatingMethodAccessorImpl.invoke(DelegatingMethodAccessorImpl.java:43)
at java.lang.reflect.Method.invoke(Method.java:498)
at org.testng.internal.MethodInvocationHelper.invokeMethod(MethodInvocationHelper.java:124)
at org.testng.internal.Invoker.invokeMethod(Invoker.java:583)
at org.testng.internal.Invoker.invokeTestMethod(Invoker.java:719)
at org.testng.internal.Invoker.invokeTestMethods(Invoker.java:989)
at org.testng.internal.TestMethodWorker.invokeTestMethods(TestMethodWorker.java:125)
at org.testng.internal.TestMethodWorker.run(TestMethodWorker.java:109)
at org.testng.TestRunner.privateRun(TestRunner.java:648)
at org.testng.TestRunner.run(TestRunner.java:505)
at org.testng.SuiteRunner.runTest(SuiteRunner.java:455)
at org.testng.SuiteRunner.runSequentially(SuiteRunner.java:450)
at org.testng.SuiteRunner.privateRun(SuiteRunner.java:415)
at org.testng.SuiteRunner.run(SuiteRunner.java:364)
at org.testng.SuiteRunnerWorker.runSuite(SuiteRunnerWorker.java:52)
at org.testng.SuiteRunnerWorker.run(SuiteRunnerWorker.java:84)
at org.testng.TestNG.runSuitesSequentially(TestNG.java:1208)
at org.testng.TestNG.runSuitesLocally(TestNG.java:1137)
at org.testng.TestNG.runSuites(TestNG.java:1049)
at org.testng.TestNG.run(TestNG.java:1017)
at org.apache.maven.surefire.testng.TestNGExecutor.run(TestNGExecutor.java:283)
at org.apache.maven.surefire.testng.TestNGXmlTestSuite.execute(TestNGXmlTestSuite.java:75)
at org.apache.maven.surefire.testng.TestNGProvider.invoke(TestNGProvider.java:120)
at org.apache.maven.surefire.booter.ForkedBooter.invokeProviderInSameClassLoader(ForkedBooter.java:373)
at org.apache.maven.surefire.booter.ForkedBooter.runSuitesInProcess(ForkedBooter.java:334)
at org.apache.maven.surefire.booter.ForkedBooter.execute(ForkedBooter.java:119)
at org.apache.maven.surefire.booter.ForkedBooter.main(ForkedBooter.java:407)
]]>
            </full-stacktrace>
          </exception> <!-- java.lang.IndexOutOfBoundsException -->
          <reporter-output>
          </reporter-output>
        </test-method> <!-- GmailDeleteLettersTest -->
        <test-method status="PASS" signature="closeDriver()[pri:0, instance:epam.com.lab.test.GmailTest@3cb1ffe6]" name="closeDriver" is-config="true" duration-ms="757" started-at="2018-06-05T14:59:51Z" finished-at="2018-06-05T14:59:52Z">
          <reporter-output>
          </reporter-output>
        </test-method> <!-- closeDriver -->
      </class> <!-- epam.com.lab.test.GmailTest -->
    </test> <!-- Gmail -->
  </suite> <!-- TestSuite -->
</testng-results>
