<?xml version="1.0" encoding="UTF-8"?>
<testsuite name="GitHub1"
           tests="2"
           failures="1"
           errors="0"
           skipped="0"
           time="8,310">
  <properties />
            <testcase name="GithubSearchTest" time="1,413" classname="epam.com.lab.test.GitHubTest">
                <failure type="junit.framework.ComparisonFailure"
                  message="expected:&lt;...session&gt; but was:&lt;...&gt;"
              >
<![CDATA[junit.framework.ComparisonFailure: expected:<...session> but was:<...>
  junit.framework.Assert.assertEquals(Assert.java:81)
  junit.framework.Assert.assertEquals(Assert.java:87)
  com.epam.lab.github.businesslogic.Login.login(Login.java:25)
  epam.com.lab.test.GitHubTest.GithubSearchTest(GitHubTest.java:46)
  sun.reflect.NativeMethodAccessorImpl.invoke0(Native Method)
  sun.reflect.NativeMethodAccessorImpl.invoke(NativeMethodAccessorImpl.java:62)
  sun.reflect.DelegatingMethodAccessorImpl.invoke(DelegatingMethodAccessorImpl.java:43)
  java.lang.reflect.Method.invoke(Method.java:498)
  org.testng.internal.MethodInvocationHelper.invokeMethod(MethodInvocationHelper.java:124)
  org.testng.internal.Invoker.invokeMethod(Invoker.java:583)
  org.testng.internal.Invoker.invokeTestMethod(Invoker.java:719)
  org.testng.internal.Invoker.invokeTestMethods(Invoker.java:989)
  org.testng.internal.TestMethodWorker.invokeTestMethods(TestMethodWorker.java:125)
  org.testng.internal.TestMethodWorker.run(TestMethodWorker.java:109)
  org.testng.TestRunner.privateRun(TestRunner.java:648)
  org.testng.TestRunner.run(TestRunner.java:505)
  org.testng.SuiteRunner.runTest(SuiteRunner.java:455)
  org.testng.SuiteRunner.runSequentially(SuiteRunner.java:450)
  org.testng.SuiteRunner.privateRun(SuiteRunner.java:415)
  org.testng.SuiteRunner.run(SuiteRunner.java:364)
  org.testng.SuiteRunnerWorker.runSuite(SuiteRunnerWorker.java:52)
  org.testng.SuiteRunnerWorker.run(SuiteRunnerWorker.java:84)
  org.testng.TestNG.runSuitesSequentially(TestNG.java:1208)
  org.testng.TestNG.runSuitesLocally(TestNG.java:1137)
  org.testng.TestNG.runSuites(TestNG.java:1049)
  org.testng.TestNG.run(TestNG.java:1017)
  org.testng.IDEARemoteTestNG.run(IDEARemoteTestNG.java:72)
  org.testng.RemoteTestNGStarter.main(RemoteTestNGStarter.java:123)
]]>
      </failure>

          </testcase>
  
  
            <testcase name="GithubSearchTest" time="6,897" classname="epam.com.lab.test.GitHubTest" />
      
</testsuite>
